2025-03-14 19:11:11 - Datos recibidos:
ID: 0
Nombre: Casas en Subasta
Criterio: Actividades Libres
Color: #585b5f
--------------------
2025-03-14 19:54:02 - Datos recibidos:
ID: 0
Nombre: Cabalgatas por cosquin
Criterio: de María Celeste Ortiz
Color: #96b6e8
--------------------
2025-03-14 20:10:50 - Datos recibidos:
ID: 0
Nombre: Casas en venta  22
Criterio: Actividades Libres
Color: #4285f4
--------------------
2025-03-14 20:54:14 - Datos recibidos:
ID: 0
Nombre: ovnis
Criterio: aliens
Color: #12e2a4
--------------------
2025-03-14 22:38:59 - Datos recibidos:
ID: 0
Nombre: Cabalgatas 33
Criterio: Actividades Libres
Color: #4285f4
--------------------
