2025-03-14 19:23:38 - Recibido: Array
(
    [grupo_id] => 6
    [emoji_origen_id] => 11
    [emoji_destino_id] => 9
    [orden] => 0
    [etiqueta] => 
    [bidirectional] => 0
)

2025-03-14 19:23:38 - Actualizaci贸n de relaci贸n existente: 6-11-9
2025-03-14 19:24:48 - Recibido: Array
(
    [grupo_id] => 6
    [emoji_origen_id] => 3
    [emoji_destino_id] => 8
    [orden] => 0
    [etiqueta] => 
    [bidirectional] => 0
)

2025-03-14 19:24:48 - Nueva relaci贸n insertada: 6-3-8
2025-03-14 19:31:05 - Recibido: Array
(
    [grupo_id] => 5
    [emoji_origen_id] => 10
    [emoji_destino_id] => 3
    [orden] => 1
    [etiqueta] => 
    [bidirectional] => 0
)

2025-03-14 19:31:05 - Nueva relaci贸n insertada con ID: 16
